 28-07-2023 21:16:56:984 [pid=129577 tid=129577] ERROR  0:140 unable to load,  liburcu-bp.so.6 

 28-07-2023 21:16:56:984 [pid=129577 tid=129577] ERROR  0:140 unable to load,  liburcu-bp.so.1 

 28-07-2023 21:16:56:984 [pid=129577 tid=129577] WARN   0:168 failed to open /proc/driver/nvidia-fs/devcount  error: No such file or directory
 28-07-2023 21:16:56:984 [pid=129577 tid=129577] NOTICE  cufio-drv:720 running in compatible mode
 28-07-2023 21:16:57:676 [pid=129577 tid=129577] ERROR  cufio-fs:322 error creating udev_device for block device dev_no: 0:37
 28-07-2023 21:16:57:676 [pid=129577 tid=129577] ERROR  cufio-fs:742 error getting volume attributes error for device: dev_no: 0:37
 28-07-2023 21:16:57:676 [pid=129577 tid=129577] ERROR  cufio-obj:215 unable to get volume attributes for fd 98
 28-07-2023 21:16:57:676 [pid=129577 tid=129577] ERROR  cufio:310 cuFileHandleRegister error, failed to allocate file object
 28-07-2023 21:16:57:676 [pid=129577 tid=129577] ERROR  cufio:338 cuFileHandleRegister error: internal error
 28-07-2023 21:17:11:61 [pid=129577 tid=129577] ERROR  cufio-fs:322 error creating udev_device for block device dev_no: 0:37
 28-07-2023 21:17:11:61 [pid=129577 tid=129577] ERROR  cufio-fs:742 error getting volume attributes error for device: dev_no: 0:37
 28-07-2023 21:17:11:61 [pid=129577 tid=129577] ERROR  cufio-obj:215 unable to get volume attributes for fd 100
 28-07-2023 21:17:11:61 [pid=129577 tid=129577] ERROR  cufio:310 cuFileHandleRegister error, failed to allocate file object
 28-07-2023 21:17:11:61 [pid=129577 tid=129577] ERROR  cufio:338 cuFileHandleRegister error: internal error
 28-07-2023 21:17:40:286 [pid=174074 tid=174074] ERROR  0:140 unable to load,  liburcu-bp.so.6 

 28-07-2023 21:17:40:287 [pid=174074 tid=174074] ERROR  0:140 unable to load,  liburcu-bp.so.1 

 28-07-2023 21:17:40:287 [pid=174074 tid=174074] WARN   0:168 failed to open /proc/driver/nvidia-fs/devcount  error: No such file or directory
 28-07-2023 21:17:40:287 [pid=174074 tid=174074] NOTICE  cufio-drv:720 running in compatible mode
 28-07-2023 21:17:41:672 [pid=174074 tid=174074] ERROR  cufio-fs:322 error creating udev_device for block device dev_no: 0:37
 28-07-2023 21:17:41:672 [pid=174074 tid=174074] ERROR  cufio-fs:742 error getting volume attributes error for device: dev_no: 0:37
 28-07-2023 21:17:41:672 [pid=174074 tid=174074] ERROR  cufio-obj:215 unable to get volume attributes for fd 98
 28-07-2023 21:17:41:672 [pid=174074 tid=174074] ERROR  cufio:310 cuFileHandleRegister error, failed to allocate file object
 28-07-2023 21:17:41:672 [pid=174074 tid=174074] ERROR  cufio:338 cuFileHandleRegister error: internal error
 28-07-2023 21:18:01:118 [pid=174074 tid=174074] ERROR  cufio-fs:322 error creating udev_device for block device dev_no: 0:37
 28-07-2023 21:18:01:118 [pid=174074 tid=174074] ERROR  cufio-fs:742 error getting volume attributes error for device: dev_no: 0:37
 28-07-2023 21:18:01:118 [pid=174074 tid=174074] ERROR  cufio-obj:215 unable to get volume attributes for fd 101
 28-07-2023 21:18:01:118 [pid=174074 tid=174074] ERROR  cufio:310 cuFileHandleRegister error, failed to allocate file object
 28-07-2023 21:18:01:118 [pid=174074 tid=174074] ERROR  cufio:338 cuFileHandleRegister error: internal error
 28-07-2023 21:19:56:929 [pid=174074 tid=174074] ERROR  cufio-fs:322 error creating udev_device for block device dev_no: 0:37
 28-07-2023 21:19:56:929 [pid=174074 tid=174074] ERROR  cufio-fs:742 error getting volume attributes error for device: dev_no: 0:37
 28-07-2023 21:19:56:929 [pid=174074 tid=174074] ERROR  cufio-obj:215 unable to get volume attributes for fd 102
 28-07-2023 21:19:56:929 [pid=174074 tid=174074] ERROR  cufio:310 cuFileHandleRegister error, failed to allocate file object
 28-07-2023 21:19:56:929 [pid=174074 tid=174074] ERROR  cufio:338 cuFileHandleRegister error: internal error
 28-07-2023 21:21:29:937 [pid=178610 tid=178610] ERROR  0:140 unable to load,  liburcu-bp.so.6 

 28-07-2023 21:21:29:937 [pid=178610 tid=178610] ERROR  0:140 unable to load,  liburcu-bp.so.1 

 28-07-2023 21:21:29:937 [pid=178610 tid=178610] WARN   0:168 failed to open /proc/driver/nvidia-fs/devcount  error: No such file or directory
 28-07-2023 21:21:29:937 [pid=178610 tid=178610] NOTICE  cufio-drv:720 running in compatible mode
 28-07-2023 21:21:30:643 [pid=178610 tid=178610] ERROR  cufio-fs:322 error creating udev_device for block device dev_no: 0:37
 28-07-2023 21:21:30:644 [pid=178610 tid=178610] ERROR  cufio-fs:742 error getting volume attributes error for device: dev_no: 0:37
 28-07-2023 21:21:30:644 [pid=178610 tid=178610] ERROR  cufio-obj:215 unable to get volume attributes for fd 98
 28-07-2023 21:21:30:644 [pid=178610 tid=178610] ERROR  cufio:310 cuFileHandleRegister error, failed to allocate file object
 28-07-2023 21:21:30:644 [pid=178610 tid=178610] ERROR  cufio:338 cuFileHandleRegister error: internal error
